# JRE version: Java(TM) SE Runtime Environment (21.0.2+13) (build 21.0.2+13-LTS-58)
# Java VM: Java HotSpot(TM) 64-Bit Server VM (21.0.2+13-LTS-58, mixed mode, sharing, tiered, compressed oops, compressed class ptrs, g1 gc, windows-amd64)
GC Precious Log:
 CardTable entry size: 512
 Card Set container configuration: InlinePtr #cards 4 size 8 Array Of Cards #cards 16 size 48 Howl #buckets 8 coarsen threshold 3686 Howl Bitmap #cards 512 size 80 coarsen threshold 460 Card regions per heap region 1 cards per card region 4096
 CPUs: 12 total, 12 available
 Memory: 16068M
 Large Page Support: Disabled
 NUMA Support: Disabled
 Compressed Oops: Enabled (Zero based)
 Heap Region Size: 2M
 Heap Min Capacity: 8M
 Heap Initial Capacity: 252M
 Heap Max Capacity: 4018M
 Pre-touch: Disabled
 Parallel Workers: 10
 Concurrent Workers: 3
 Concurrent Refinement Workers: 10
 Periodic GC: Disabled
Heap:
 garbage-first heap   total 94208K, used 51889K [0x0000000704e00000, 0x0000000800000000)
  region size 2048K, 21 young (43008K), 6 survivors (12288K)
 Metaspace       used 32866K, committed 33280K, reserved 1114112K
  class space    used 4156K, committed 4352K, reserved 1048576K
GC Heap History (10 events):
Event: 0.573 GC heap before
{Heap before GC invocations=0 (full 0):
 garbage-first heap   total 258048K, used 20480K [0x0000000704e00000, 0x0000000800000000)
  region size 2048K, 11 young (22528K), 0 survivors (0K)
 Metaspace       used 2044K, committed 2176K, reserved 1114112K
  class space    used 176K, committed 192K, reserved 1048576K
}
Event: 0.580 GC heap after
{Heap after GC invocations=1 (full 0):
 garbage-first heap   total 258048K, used 11373K [0x0000000704e00000, 0x0000000800000000)
  region size 2048K, 2 young (4096K), 2 survivors (4096K)
 Metaspace       used 2044K, committed 2176K, reserved 1114112K
  class space    used 176K, committed 192K, reserved 1048576K
}
Event: 1.236 GC heap before
{Heap before GC invocations=1 (full 0):
 garbage-first heap   total 258048K, used 23661K [0x0000000704e00000, 0x0000000800000000)
  region size 2048K, 9 young (18432K), 2 survivors (4096K)
 Metaspace       used 6514K, committed 6720K, reserved 1114112K
  class space    used 757K, committed 832K, reserved 1048576K
}
Event: 1.243 GC heap after
{Heap after GC invocations=2 (full 0):
 garbage-first heap   total 258048K, used 12930K [0x0000000704e00000, 0x0000000800000000)
  region size 2048K, 1 young (2048K), 1 survivors (2048K)
 Metaspace       used 6514K, committed 6720K, reserved 1114112K
  class space    used 757K, committed 832K, reserved 1048576K
}
Event: 2.731 GC heap before
{Heap before GC invocations=2 (full 0):
 garbage-first heap   total 258048K, used 55938K [0x0000000704e00000, 0x0000000800000000)
  region size 2048K, 23 young (47104K), 1 survivors (2048K)
 Metaspace       used 17225K, committed 17536K, reserved 1114112K
  class space    used 2300K, committed 2432K, reserved 1048576K
}
Event: 2.740 GC heap after
{Heap after GC invocations=3 (full 0):
 garbage-first heap   total 258048K, used 16321K [0x0000000704e00000, 0x0000000800000000)
  region size 2048K, 3 young (6144K), 3 survivors (6144K)
 Metaspace       used 17225K, committed 17536K, reserved 1114112K
  class space    used 2300K, committed 2432K, reserved 1048576K
}
Event: 3.289 GC heap before
{Heap before GC invocations=3 (full 0):
 garbage-first heap   total 258048K, used 38849K [0x0000000704e00000, 0x0000000800000000)
  region size 2048K, 16 young (32768K), 3 survivors (6144K)
 Metaspace       used 21271K, committed 21632K, reserved 1114112K
  class space    used 2729K, committed 2880K, reserved 1048576K
}
Event: 3.295 GC heap after
{Heap after GC invocations=4 (full 0):
 garbage-first heap   total 258048K, used 18537K [0x0000000704e00000, 0x0000000800000000)
  region size 2048K, 4 young (8192K), 4 survivors (8192K)
 Metaspace       used 21271K, committed 21632K, reserved 1114112K
  class space    used 2729K, committed 2880K, reserved 1048576K
}
Event: 4.976 GC heap before
{Heap before GC invocations=5 (full 0):
 garbage-first heap   total 81920K, used 77929K [0x0000000704e00000, 0x0000000800000000)
  region size 2048K, 34 young (69632K), 4 survivors (8192K)
 Metaspace       used 29569K, committed 30016K, reserved 1114112K
  class space    used 3700K, committed 3904K, reserved 1048576K
}
Event: 4.987 GC heap after
{Heap after GC invocations=6 (full 0):
 garbage-first heap   total 94208K, used 23217K [0x0000000704e00000, 0x0000000800000000)
  region size 2048K, 6 young (12288K), 6 survivors (12288K)
 Metaspace       used 29569K, committed 30016K, reserved 1114112K
  class space    used 3700K, committed 3904K, reserved 1048576K
}

